2024-12-11 20:53:59 [main] INFO  com.tektom.testCases.JsonPlaceHolderTest - EmailId of User 1 :- johndoe@example.com
2024-12-11 20:54:00 [main] INFO  com.tektom.testCases.JsonPlaceHolderTest - EmailId of User 2 :- janesmith@example.com
2024-12-11 20:54:00 [main] INFO  com.tektom.testCases.JsonPlaceHolderTest - EmailId of User 3 :- bobjohnson@example.com
2024-12-11 20:54:00 [main] INFO  com.tektom.testCases.JsonPlaceHolderTest - EmailId of User 4 :- emilydavis@example.com
2024-12-11 20:54:01 [main] INFO  com.tektom.testCases.JsonPlaceHolderTest - EmailId of User 5 :- williambrown@example.com
2024-12-11 20:54:01 [main] INFO  com.tektom.testCases.JsonPlaceHolderTest - EmailId of User 6 :- laurawilson@example.com
2024-12-11 20:54:01 [main] INFO  com.tektom.testCases.JsonPlaceHolderTest - EmailId of User 7 :- michaelgarcia@example.com
2024-12-11 20:54:02 [main] INFO  com.tektom.testCases.JsonPlaceHolderTest - EmailId of User 8 :- stephanielee@example.com
2024-12-11 20:54:02 [main] INFO  com.tektom.testCases.JsonPlaceHolderTest - EmailId of User 9 :- davidhernandez@example.com
2024-12-11 20:54:02 [main] INFO  com.tektom.testCases.JsonPlaceHolderTest - EmailId of User 10 :- jessicaperez@example.com
2024-12-11 20:54:44 [main] INFO  com.tektom.testCases.JsonPlaceHolderTest - EmailId of User 1 :- johndoe@example.com
2024-12-11 20:54:44 [main] INFO  com.tektom.testCases.JsonPlaceHolderTest - EmailId of User 2 :- janesmith@example.com
2024-12-11 20:54:45 [main] INFO  com.tektom.testCases.JsonPlaceHolderTest - EmailId of User 3 :- bobjohnson@example.com
2024-12-11 20:54:45 [main] INFO  com.tektom.testCases.JsonPlaceHolderTest - EmailId of User 4 :- emilydavis@example.com
2024-12-11 20:54:45 [main] INFO  com.tektom.testCases.JsonPlaceHolderTest - EmailId of User 5 :- williambrown@example.com
2024-12-11 20:54:46 [main] INFO  com.tektom.testCases.JsonPlaceHolderTest - EmailId of User 6 :- laurawilson@example.com
2024-12-11 20:54:46 [main] INFO  com.tektom.testCases.JsonPlaceHolderTest - EmailId of User 7 :- michaelgarcia@example.com
2024-12-11 20:54:46 [main] INFO  com.tektom.testCases.JsonPlaceHolderTest - EmailId of User 8 :- stephanielee@example.com
2024-12-11 20:54:47 [main] INFO  com.tektom.testCases.JsonPlaceHolderTest - EmailId of User 9 :- davidhernandez@example.com
2024-12-11 20:54:47 [main] INFO  com.tektom.testCases.JsonPlaceHolderTest - EmailId of User 10 :- jessicaperez@example.com
